<?xml version="1.0" encoding="UTF-8"?>
<!-- Generated by org.testng.reporters.JUnitReportReporter -->
<testsuite hostname="LAPTOP-8LKTCC8P" failures="0" tests="1" name="org.testing.Testscripts.TC6" time="177.889" errors="0" timestamp="2023-12-26T01:41:26 IST" skipped="0">
  <testcase classname="org.testing.Testscripts.TC6" name="Test6" time="177.889"/>
  <system-out/>
</testsuite> <!-- org.testing.Testscripts.TC6 -->
