<?xml version="1.0" encoding="UTF-8"?>
<!-- Generated by org.testng.reporters.JUnitReportReporter -->
<testsuite hostname="LAPTOP-8LKTCC8P" failures="0" tests="1" name="org.testing.Testscripts.TC4" time="80.532" errors="0" timestamp="2023-12-27T11:44:35 IST" skipped="0">
  <testcase classname="org.testing.Testscripts.TC4" name="Test4" time="80.532"/>
  <system-out/>
</testsuite> <!-- org.testing.Testscripts.TC4 -->
