<?xml version="1.0" encoding="UTF-8"?>
<!-- Generated by org.testng.reporters.JUnitReportReporter -->
<testsuite hostname="LAPTOP-8LKTCC8P" failures="0" tests="1" name="org.testing.Testscripts.TC3" time="46.246" errors="0" timestamp="2023-12-27T00:08:49 IST" skipped="0">
  <testcase classname="org.testing.Testscripts.TC3" name="Test3" time="46.246"/>
  <system-out/>
</testsuite> <!-- org.testing.Testscripts.TC3 -->
