<?xml version="1.0" encoding="UTF-8"?>
<!-- Generated by org.testng.reporters.JUnitReportReporter -->
<testsuite hostname="LAPTOP-8LKTCC8P" failures="0" tests="1" name="org.testing.Testscripts.TC8" time="44.875" errors="0" timestamp="2023-12-27T00:08:49 IST" skipped="0">
  <testcase classname="org.testing.Testscripts.TC8" name="Test8" time="44.875"/>
  <system-out/>
</testsuite> <!-- org.testing.Testscripts.TC8 -->
